2025-12-29 10:51:47.396  INFO 9440 --- [restartedMain] com.mbti.BackendApplication              : Starting BackendApplication using Java 21.0.8 with PID 9440 (C:\Users\user\Desktop\MBTI\backend\build\classes\java\main started by user in C:\Users\user\Desktop\MBTI\backend)
2025-12-29 10:51:47.398  INFO 9440 --- [restartedMain] com.mbti.BackendApplication              : No active profile set, falling back to 1 default profile: "default"
2025-12-29 10:51:47.451  INFO 9440 --- [restartedMain] .e.DevToolsPropertyDefaultsPostProcessor : Devtools property defaults active! Set 'spring.devtools.add-properties' to 'false' to disable
2025-12-29 10:51:47.451  INFO 9440 --- [restartedMain] .e.DevToolsPropertyDefaultsPostProcessor : For additional web related logging consider setting the 'logging.level.web' property to 'DEBUG'
2025-12-29 10:51:48.883  INFO 9440 --- [restartedMain] o.s.b.w.embedded.tomcat.TomcatWebServer  : Tomcat initialized with port 8080 (http)
2025-12-29 10:51:48.893  INFO 9440 --- [restartedMain] o.apache.catalina.core.StandardService   : Starting service [Tomcat]
2025-12-29 10:51:48.893  INFO 9440 --- [restartedMain] o.apache.catalina.core.StandardEngine    : Starting Servlet engine: [Apache Tomcat/10.1.17]
2025-12-29 10:51:48.932  INFO 9440 --- [restartedMain] o.a.c.c.C.[Tomcat].[localhost].[/]       : Initializing Spring embedded WebApplicationContext
2025-12-29 10:51:48.932  INFO 9440 --- [restartedMain] w.s.c.ServletWebServerApplicationContext : Root WebApplicationContext: initialization completed in 1480 ms
2025-12-29 10:51:49.958  INFO 9440 --- [restartedMain] o.s.b.d.a.OptionalLiveReloadServer       : LiveReload server is running on port 35729
2025-12-29 10:51:49.994  INFO 9440 --- [restartedMain] o.s.b.w.embedded.tomcat.TomcatWebServer  : Tomcat started on port 8080 (http) with context path ''
2025-12-29 10:51:50.000  INFO 9440 --- [restartedMain] com.mbti.BackendApplication              : Started BackendApplication in 3.199 seconds (process running for 4.058)
2025-12-29 10:52:11.271  INFO 9440 --- [http-nio-8080-exec-1] o.a.c.c.C.[Tomcat].[localhost].[/]       : Initializing Spring DispatcherServlet 'dispatcherServlet'
2025-12-29 10:52:11.271  INFO 9440 --- [http-nio-8080-exec-1] o.s.web.servlet.DispatcherServlet        : Initializing Servlet 'dispatcherServlet'
2025-12-29 10:52:11.274  INFO 9440 --- [http-nio-8080-exec-1] o.s.web.servlet.DispatcherServlet        : Completed initialization in 3 ms
2025-12-29 10:52:22.156  INFO 9440 --- [http-nio-8080-exec-4] com.mbti.common.aop.LoggingAspect        : [MbtiController.getAllQuestions()] 요청 / ip : 0:0:0:0:0:0:0:1
2025-12-29 10:52:22.157  INFO 9440 --- [http-nio-8080-exec-4] c.mbti.mbti.controller.MbtiController    : GET /api/mbti/questions - Fetching all questions
2025-12-29 10:52:22.157  INFO 9440 --- [http-nio-8080-exec-4] com.mbti.common.aop.LoggingAspect        : ========== MbtiServiceImpl.getAllQuestions() 서비스 호출 ==========
2025-12-29 10:52:22.159  INFO 9440 --- [http-nio-8080-exec-4] com.mbti.common.aop.LoggingAspect        : Parameter : []
2025-12-29 10:52:22.159  INFO 9440 --- [http-nio-8080-exec-4] c.m.mbti.model.service.MbtiServiceImpl   : Fetching all questions
2025-12-29 10:52:22.170  INFO 9440 --- [http-nio-8080-exec-4] com.zaxxer.hikari.HikariDataSource       : MyHikariCP - Starting...
2025-12-29 10:52:22.330  INFO 9440 --- [http-nio-8080-exec-4] com.zaxxer.hikari.pool.HikariPool        : MyHikariCP - Added connection org.postgresql.jdbc.PgConnection@72e15335
2025-12-29 10:52:22.330  INFO 9440 --- [http-nio-8080-exec-4] com.zaxxer.hikari.HikariDataSource       : MyHikariCP - Start completed.
2025-12-29 10:52:22.376  INFO 9440 --- [http-nio-8080-exec-4] com.mbti.common.aop.LoggingAspect        : Running Time : 217ms
2025-12-29 10:52:22.376  INFO 9440 --- [http-nio-8080-exec-4] com.mbti.common.aop.LoggingAspect        : ===================================================================================
2025-12-29 10:52:50.395  INFO 9440 --- [http-nio-8080-exec-5] com.mbti.common.aop.LoggingAspect        : [MbtiController.getAllQuestions()] 요청 / ip : 0:0:0:0:0:0:0:1
2025-12-29 10:52:50.395  INFO 9440 --- [http-nio-8080-exec-5] c.mbti.mbti.controller.MbtiController    : GET /api/mbti/questions - Fetching all questions
2025-12-29 10:52:50.395  INFO 9440 --- [http-nio-8080-exec-5] com.mbti.common.aop.LoggingAspect        : ========== MbtiServiceImpl.getAllQuestions() 서비스 호출 ==========
2025-12-29 10:52:50.395  INFO 9440 --- [http-nio-8080-exec-5] com.mbti.common.aop.LoggingAspect        : Parameter : []
2025-12-29 10:52:50.395  INFO 9440 --- [http-nio-8080-exec-5] c.m.mbti.model.service.MbtiServiceImpl   : Fetching all questions
2025-12-29 10:52:50.398  INFO 9440 --- [http-nio-8080-exec-5] com.mbti.common.aop.LoggingAspect        : Running Time : 3ms
2025-12-29 10:52:50.398  INFO 9440 --- [http-nio-8080-exec-5] com.mbti.common.aop.LoggingAspect        : ===================================================================================
2025-12-29 10:52:50.555  INFO 9440 --- [http-nio-8080-exec-6] com.mbti.common.aop.LoggingAspect        : [MbtiController.getAllQuestions()] 요청 / ip : 0:0:0:0:0:0:0:1
2025-12-29 10:52:50.555  INFO 9440 --- [http-nio-8080-exec-6] c.mbti.mbti.controller.MbtiController    : GET /api/mbti/questions - Fetching all questions
2025-12-29 10:52:50.555  INFO 9440 --- [http-nio-8080-exec-6] com.mbti.common.aop.LoggingAspect        : ========== MbtiServiceImpl.getAllQuestions() 서비스 호출 ==========
2025-12-29 10:52:50.555  INFO 9440 --- [http-nio-8080-exec-6] com.mbti.common.aop.LoggingAspect        : Parameter : []
2025-12-29 10:52:50.555  INFO 9440 --- [http-nio-8080-exec-6] c.m.mbti.model.service.MbtiServiceImpl   : Fetching all questions
2025-12-29 10:52:50.557  INFO 9440 --- [http-nio-8080-exec-6] com.mbti.common.aop.LoggingAspect        : Running Time : 2ms
2025-12-29 10:52:50.558  INFO 9440 --- [http-nio-8080-exec-6] com.mbti.common.aop.LoggingAspect        : ===================================================================================
2025-12-29 10:52:50.675  INFO 9440 --- [http-nio-8080-exec-7] com.mbti.common.aop.LoggingAspect        : [MbtiController.getAllQuestions()] 요청 / ip : 0:0:0:0:0:0:0:1
2025-12-29 10:52:50.676  INFO 9440 --- [http-nio-8080-exec-7] c.mbti.mbti.controller.MbtiController    : GET /api/mbti/questions - Fetching all questions
2025-12-29 10:52:50.676  INFO 9440 --- [http-nio-8080-exec-7] com.mbti.common.aop.LoggingAspect        : ========== MbtiServiceImpl.getAllQuestions() 서비스 호출 ==========
2025-12-29 10:52:50.676  INFO 9440 --- [http-nio-8080-exec-7] com.mbti.common.aop.LoggingAspect        : Parameter : []
2025-12-29 10:52:50.676  INFO 9440 --- [http-nio-8080-exec-7] c.m.mbti.model.service.MbtiServiceImpl   : Fetching all questions
2025-12-29 10:52:50.678  INFO 9440 --- [http-nio-8080-exec-7] com.mbti.common.aop.LoggingAspect        : Running Time : 2ms
2025-12-29 10:52:50.678  INFO 9440 --- [http-nio-8080-exec-7] com.mbti.common.aop.LoggingAspect        : ===================================================================================
2025-12-29 10:52:50.864  INFO 9440 --- [http-nio-8080-exec-8] com.mbti.common.aop.LoggingAspect        : [MbtiController.getAllQuestions()] 요청 / ip : 0:0:0:0:0:0:0:1
2025-12-29 10:52:50.864  INFO 9440 --- [http-nio-8080-exec-8] c.mbti.mbti.controller.MbtiController    : GET /api/mbti/questions - Fetching all questions
2025-12-29 10:52:50.864  INFO 9440 --- [http-nio-8080-exec-8] com.mbti.common.aop.LoggingAspect        : ========== MbtiServiceImpl.getAllQuestions() 서비스 호출 ==========
2025-12-29 10:52:50.865  INFO 9440 --- [http-nio-8080-exec-8] com.mbti.common.aop.LoggingAspect        : Parameter : []
2025-12-29 10:52:50.865  INFO 9440 --- [http-nio-8080-exec-8] c.m.mbti.model.service.MbtiServiceImpl   : Fetching all questions
2025-12-29 10:52:50.866  INFO 9440 --- [http-nio-8080-exec-8] com.mbti.common.aop.LoggingAspect        : Running Time : 1ms
2025-12-29 10:52:50.866  INFO 9440 --- [http-nio-8080-exec-8] com.mbti.common.aop.LoggingAspect        : ===================================================================================
2025-12-29 10:52:51.061  INFO 9440 --- [http-nio-8080-exec-9] com.mbti.common.aop.LoggingAspect        : [MbtiController.getAllQuestions()] 요청 / ip : 0:0:0:0:0:0:0:1
2025-12-29 10:52:51.061  INFO 9440 --- [http-nio-8080-exec-9] c.mbti.mbti.controller.MbtiController    : GET /api/mbti/questions - Fetching all questions
2025-12-29 10:52:51.061  INFO 9440 --- [http-nio-8080-exec-9] com.mbti.common.aop.LoggingAspect        : ========== MbtiServiceImpl.getAllQuestions() 서비스 호출 ==========
2025-12-29 10:52:51.061  INFO 9440 --- [http-nio-8080-exec-9] com.mbti.common.aop.LoggingAspect        : Parameter : []
2025-12-29 10:52:51.061  INFO 9440 --- [http-nio-8080-exec-9] c.m.mbti.model.service.MbtiServiceImpl   : Fetching all questions
2025-12-29 10:52:51.065  INFO 9440 --- [http-nio-8080-exec-9] com.mbti.common.aop.LoggingAspect        : Running Time : 4ms
2025-12-29 10:52:51.066  INFO 9440 --- [http-nio-8080-exec-9] com.mbti.common.aop.LoggingAspect        : ===================================================================================
2025-12-29 11:05:35.872  INFO 9440 --- [SpringApplicationShutdownHook] com.zaxxer.hikari.HikariDataSource       : MyHikariCP - Shutdown initiated...
2025-12-29 11:05:35.875  INFO 9440 --- [SpringApplicationShutdownHook] com.zaxxer.hikari.HikariDataSource       : MyHikariCP - Shutdown completed.
